
*** Running vivado
    with args -log top.vds -m64 -product Vivado -mode batch -messageDb vivado.pb -notrace -source top.tcl


ECHO is off.
ECHO is off.

****** Vivado v2023.2 (64-bit)
  **** SW Build 4029153 on Fri Oct 13 20:14:34 MDT 2023
  **** IP Build 4028589 on Sat Oct 14 00:45:43 MDT 2023
  **** SharedData Build 4025554 on Tue Oct 10 17:18:54 MDT 2023
    ** Copyright 1986-2022 Xilinx, Inc. All Rights Reserved.
    ** Copyright 2022-2023 Advanced Micro Devices, Inc. All Rights Reserved.

source top.tcl -notrace
create_project: Time (s): cpu = 00:00:07 ; elapsed = 00:00:08 . Memory (MB): peak = 473.543 ; gain = 178.086
Command: read_checkpoint -auto_incremental -incremental C:/Users/lukgla/Desktop/Vivado/Lab3_LED/Lab3_LED.srcs/utils_1/imports/synth_1/display.dcp
INFO: [Vivado 12-5825] Read reference checkpoint from C:/Users/lukgla/Desktop/Vivado/Lab3_LED/Lab3_LED.srcs/utils_1/imports/synth_1/display.dcp for incremental synthesis
INFO: [Vivado 12-7989] Please ensure there are no constraint changes
Command: synth_design -top top -part xc7a100tcsg324-1
Starting synth_design
Attempting to get a license for feature 'Synthesis' and/or device 'xc7a100t'
INFO: [Common 17-349] Got license for feature 'Synthesis' and/or device 'xc7a100t'
INFO: [Device 21-403] Loading part xc7a100tcsg324-1
INFO: [Synth 8-7079] Multithreading enabled for synth_design using a maximum of 2 processes.
INFO: [Synth 8-7078] Launching helper process for spawning children vivado processes
INFO: [Synth 8-7075] Helper process launched with PID 15452
---------------------------------------------------------------------------------
Starting RTL Elaboration : Time (s): cpu = 00:00:08 ; elapsed = 00:00:09 . Memory (MB): peak = 1325.949 ; gain = 439.074
---------------------------------------------------------------------------------
INFO: [Synth 8-638] synthesizing module 'top' [C:/Users/lukgla/Desktop/Vivado/Lab3_LED/Lab3_LED.srcs/sources_1/new/top.vhd:42]
INFO: [Synth 8-3491] module 'display' declared at 'C:/Users/lukgla/Desktop/Vivado/Lab3_LED/Lab3_LED.srcs/sources_1/new/display.vhd:35' bound to instance 'display_comp' of component 'display' [C:/Users/lukgla/Desktop/Vivado/Lab3_LED/Lab3_LED.srcs/sources_1/new/top.vhd:60]
INFO: [Synth 8-638] synthesizing module 'display' [C:/Users/lukgla/Desktop/Vivado/Lab3_LED/Lab3_LED.srcs/sources_1/new/display.vhd:43]
INFO: [Synth 8-3491] module 'clockDivider' declared at 'C:/Users/lukgla/Desktop/Vivado/Lab3_LED/Lab3_LED.srcs/sources_1/new/clockDivider.vhd:35' bound to instance 'clock_divider' of component 'clockDivider' [C:/Users/lukgla/Desktop/Vivado/Lab3_LED/Lab3_LED.srcs/sources_1/new/display.vhd:73]
INFO: [Synth 8-638] synthesizing module 'clockDivider' [C:/Users/lukgla/Desktop/Vivado/Lab3_LED/Lab3_LED.srcs/sources_1/new/clockDivider.vhd:42]
	Parameter one_cycles bound to: 10 - type: integer 
	Parameter zero_cycles bound to: 10 - type: integer 
	Parameter initial_state bound to: 1'b0 
INFO: [Synth 8-256] done synthesizing module 'clockDivider' (0#1) [C:/Users/lukgla/Desktop/Vivado/Lab3_LED/Lab3_LED.srcs/sources_1/new/clockDivider.vhd:42]
INFO: [Synth 8-256] done synthesizing module 'display' (0#1) [C:/Users/lukgla/Desktop/Vivado/Lab3_LED/Lab3_LED.srcs/sources_1/new/display.vhd:43]
INFO: [Synth 8-3491] module 'mem_encoder' declared at 'C:/Users/lukgla/Desktop/Vivado/Lab3_LED/Lab3_LED.srcs/sources_1/new/mem_encoder.vhd:35' bound to instance 'mem_comp' of component 'mem_encoder' [C:/Users/lukgla/Desktop/Vivado/Lab3_LED/Lab3_LED.srcs/sources_1/new/top.vhd:68]
INFO: [Synth 8-638] synthesizing module 'mem_encoder' [C:/Users/lukgla/Desktop/Vivado/Lab3_LED/Lab3_LED.srcs/sources_1/new/mem_encoder.vhd:43]
INFO: [Synth 8-256] done synthesizing module 'mem_encoder' (0#1) [C:/Users/lukgla/Desktop/Vivado/Lab3_LED/Lab3_LED.srcs/sources_1/new/mem_encoder.vhd:43]
INFO: [Synth 8-256] done synthesizing module 'top' (0#1) [C:/Users/lukgla/Desktop/Vivado/Lab3_LED/Lab3_LED.srcs/sources_1/new/top.vhd:42]
WARNING: [Synth 8-3848] Net digit_i in module/entity top does not have driver. [C:/Users/lukgla/Desktop/Vivado/Lab3_LED/Lab3_LED.srcs/sources_1/new/top.vhd:57]
WARNING: [Synth 8-7129] Port clk_i in module mem_encoder is either unconnected or has no load
---------------------------------------------------------------------------------
Finished RTL Elaboration : Time (s): cpu = 00:00:11 ; elapsed = 00:00:12 . Memory (MB): peak = 1433.633 ; gain = 546.758
---------------------------------------------------------------------------------
---------------------------------------------------------------------------------
Start Handling Custom Attributes
---------------------------------------------------------------------------------
---------------------------------------------------------------------------------
Finished Handling Custom Attributes : Time (s): cpu = 00:00:11 ; elapsed = 00:00:12 . Memory (MB): peak = 1433.633 ; gain = 546.758
---------------------------------------------------------------------------------
---------------------------------------------------------------------------------
Finished RTL Optimization Phase 1 : Time (s): cpu = 00:00:11 ; elapsed = 00:00:12 . Memory (MB): peak = 1433.633 ; gain = 546.758
---------------------------------------------------------------------------------
Netlist sorting complete. Time (s): cpu = 00:00:00 ; elapsed = 00:00:00.005 . Memory (MB): peak = 1433.633 ; gain = 0.000
INFO: [Project 1-570] Preparing netlist for logic optimization

Processing XDC Constraints
Initializing timing engine
Parsing XDC File [C:/Users/lukgla/Desktop/Vivado/Lab3_LED/Lab3_LED.srcs/constrs_1/new/isp3s.xdc]
Finished Parsing XDC File [C:/Users/lukgla/Desktop/Vivado/Lab3_LED/Lab3_LED.srcs/constrs_1/new/isp3s.xdc]
INFO: [Project 1-236] Implementation specific constraints were found while reading constraint file [C:/Users/lukgla/Desktop/Vivado/Lab3_LED/Lab3_LED.srcs/constrs_1/new/isp3s.xdc]. These constraints will be ignored for synthesis but will be used in implementation. Impacted constraints are listed in the file [.Xil/top_propImpl.xdc].
Resolution: To avoid this warning, move constraints listed in [.Xil/top_propImpl.xdc] to another XDC file and exclude this new file from synthesis with the used_in_synthesis property (File Properties dialog in GUI) and re-run elaboration/synthesis.
Completed Processing XDC Constraints

Netlist sorting complete. Time (s): cpu = 00:00:00 ; elapsed = 00:00:00 . Memory (MB): peak = 1544.273 ; gain = 0.000
INFO: [Project 1-111] Unisim Transformation Summary:
No Unisim elements were transformed.

The system cannot find the path specified.
Constraint Validation Runtime : Time (s): cpu = 00:00:00 ; elapsed = 00:00:00.017 . Memory (MB): peak = 1544.273 ; gain = 0.000
---------------------------------------------------------------------------------
Finished Constraint Validation : Time (s): cpu = 00:00:23 ; elapsed = 00:00:25 . Memory (MB): peak = 1544.273 ; gain = 657.398
---------------------------------------------------------------------------------
---------------------------------------------------------------------------------
Start Loading Part and Timing Information
---------------------------------------------------------------------------------
Loading part: xc7a100tcsg324-1
---------------------------------------------------------------------------------
Finished Loading Part and Timing Information : Time (s): cpu = 00:00:23 ; elapsed = 00:00:25 . Memory (MB): peak = 1544.273 ; gain = 657.398
---------------------------------------------------------------------------------
---------------------------------------------------------------------------------
Start Applying 'set_property' XDC Constraints
---------------------------------------------------------------------------------
---------------------------------------------------------------------------------
Finished applying 'set_property' XDC Constraints : Time (s): cpu = 00:00:23 ; elapsed = 00:00:25 . Memory (MB): peak = 1544.273 ; gain = 657.398
---------------------------------------------------------------------------------
---------------------------------------------------------------------------------
Start Preparing Guide Design
---------------------------------------------------------------------------------
CRITICAL WARNING: [Synth 8-6895] The reference checkpoint C:/Users/lukgla/Desktop/Vivado/Lab3_LED/Lab3_LED.srcs/utils_1/imports/synth_1/display.dcp is not suitable for use with incremental synthesis for this design. Please regenerate the checkpoint for this design with -incremental_synth switch in the same Vivado session that synth_design has been run. Synthesis will continue with the default flow
---------------------------------------------------------------------------------
Finished Doing Graph Differ : Time (s): cpu = 00:00:23 ; elapsed = 00:00:25 . Memory (MB): peak = 1544.273 ; gain = 657.398
---------------------------------------------------------------------------------
---------------------------------------------------------------------------------
Finished Preparing Guide Design : Time (s): cpu = 00:00:23 ; elapsed = 00:00:25 . Memory (MB): peak = 1544.273 ; gain = 657.398
---------------------------------------------------------------------------------
---------------------------------------------------------------------------------
Finished RTL Optimization Phase 2 : Time (s): cpu = 00:00:23 ; elapsed = 00:00:25 . Memory (MB): peak = 1544.273 ; gain = 657.398
---------------------------------------------------------------------------------


Incremental Synthesis Report Summary:

1. Incremental synthesis run: no

   Reason for not running incremental synthesis : 


INFO: [Synth 8-7130] Flow is switching to default flow due to incremental criteria not met. If you would like to alter this behaviour and have the flow terminate instead, please set the following parameter config_implementation {autoIncr.Synth.RejectBehavior Terminate}
---------------------------------------------------------------------------------
Start RTL Component Statistics 
---------------------------------------------------------------------------------
Detailed RTL Component Info : 
+---Adders : 
	   2 Input    4 Bit       Adders := 1     
	   2 Input    2 Bit       Adders := 1     
+---Registers : 
	               32 Bit    Registers := 12    
	                8 Bit    Registers := 1     
	                4 Bit    Registers := 2     
	                2 Bit    Registers := 1     
	                1 Bit    Registers := 1     
+---Muxes : 
	   4 Input    8 Bit        Muxes := 1     
	   2 Input    4 Bit        Muxes := 1     
---------------------------------------------------------------------------------
Finished RTL Component Statistics 
---------------------------------------------------------------------------------
---------------------------------------------------------------------------------
Start Part Resource Summary
---------------------------------------------------------------------------------
Part Resources:
DSPs: 240 (col length:80)
BRAMs: 270 (col length: RAMB18 80 RAMB36 40)
---------------------------------------------------------------------------------
Finished Part Resource Summary
---------------------------------------------------------------------------------
---------------------------------------------------------------------------------
Start Cross Boundary and Area Optimization
---------------------------------------------------------------------------------
WARNING: [Synth 8-7080] Parallel synthesis criteria is not met
WARNING: [Synth 8-7129] Port btn_i[3] in module top is either unconnected or has no load
WARNING: [Synth 8-7129] Port btn_i[2] in module top is either unconnected or has no load
WARNING: [Synth 8-7129] Port btn_i[1] in module top is either unconnected or has no load
WARNING: [Synth 8-7129] Port btn_i[0] in module top is either unconnected or has no load
WARNING: [Synth 8-7129] Port sw_i[7] in module top is either unconnected or has no load
WARNING: [Synth 8-7129] Port sw_i[6] in module top is either unconnected or has no load
WARNING: [Synth 8-7129] Port sw_i[5] in module top is either unconnected or has no load
WARNING: [Synth 8-7129] Port sw_i[4] in module top is either unconnected or has no load
WARNING: [Synth 8-7129] Port sw_i[3] in module top is either unconnected or has no load
WARNING: [Synth 8-7129] Port sw_i[2] in module top is either unconnected or has no load
WARNING: [Synth 8-7129] Port sw_i[1] in module top is either unconnected or has no load
WARNING: [Synth 8-7129] Port sw_i[0] in module top is either unconnected or has no load
---------------------------------------------------------------------------------
Finished Cross Boundary and Area Optimization : Time (s): cpu = 00:00:26 ; elapsed = 00:00:28 . Memory (MB): peak = 1544.273 ; gain = 657.398
---------------------------------------------------------------------------------
---------------------------------------------------------------------------------
Start Applying XDC Timing Constraints
---------------------------------------------------------------------------------
---------------------------------------------------------------------------------
Finished Applying XDC Timing Constraints : Time (s): cpu = 00:00:33 ; elapsed = 00:00:35 . Memory (MB): peak = 1544.273 ; gain = 657.398
---------------------------------------------------------------------------------
---------------------------------------------------------------------------------
Start Timing Optimization
---------------------------------------------------------------------------------
---------------------------------------------------------------------------------
Finished Timing Optimization : Time (s): cpu = 00:00:33 ; elapsed = 00:00:35 . Memory (MB): peak = 1544.273 ; gain = 657.398
---------------------------------------------------------------------------------
---------------------------------------------------------------------------------
Start Technology Mapping
---------------------------------------------------------------------------------
---------------------------------------------------------------------------------
Finished Technology Mapping : Time (s): cpu = 00:00:33 ; elapsed = 00:00:35 . Memory (MB): peak = 1544.273 ; gain = 657.398
---------------------------------------------------------------------------------
---------------------------------------------------------------------------------
Start IO Insertion
---------------------------------------------------------------------------------
---------------------------------------------------------------------------------
Start Flattening Before IO Insertion
---------------------------------------------------------------------------------
---------------------------------------------------------------------------------
Finished Flattening Before IO Insertion
---------------------------------------------------------------------------------
---------------------------------------------------------------------------------
Start Final Netlist Cleanup
---------------------------------------------------------------------------------
---------------------------------------------------------------------------------
Finished Final Netlist Cleanup
---------------------------------------------------------------------------------
---------------------------------------------------------------------------------
Finished IO Insertion : Time (s): cpu = 00:00:40 ; elapsed = 00:00:43 . Memory (MB): peak = 1544.273 ; gain = 657.398
---------------------------------------------------------------------------------
---------------------------------------------------------------------------------
Start Renaming Generated Instances
---------------------------------------------------------------------------------
---------------------------------------------------------------------------------
Finished Renaming Generated Instances : Time (s): cpu = 00:00:40 ; elapsed = 00:00:43 . Memory (MB): peak = 1544.273 ; gain = 657.398
---------------------------------------------------------------------------------
---------------------------------------------------------------------------------
Start Rebuilding User Hierarchy
---------------------------------------------------------------------------------
---------------------------------------------------------------------------------
Finished Rebuilding User Hierarchy : Time (s): cpu = 00:00:40 ; elapsed = 00:00:43 . Memory (MB): peak = 1544.273 ; gain = 657.398
---------------------------------------------------------------------------------
---------------------------------------------------------------------------------
Start Renaming Generated Ports
---------------------------------------------------------------------------------
---------------------------------------------------------------------------------
Finished Renaming Generated Ports : Time (s): cpu = 00:00:40 ; elapsed = 00:00:43 . Memory (MB): peak = 1544.273 ; gain = 657.398
---------------------------------------------------------------------------------
---------------------------------------------------------------------------------
Start Handling Custom Attributes
---------------------------------------------------------------------------------
---------------------------------------------------------------------------------
Finished Handling Custom Attributes : Time (s): cpu = 00:00:40 ; elapsed = 00:00:43 . Memory (MB): peak = 1544.273 ; gain = 657.398
---------------------------------------------------------------------------------
---------------------------------------------------------------------------------
Start Renaming Generated Nets
---------------------------------------------------------------------------------
---------------------------------------------------------------------------------
Finished Renaming Generated Nets : Time (s): cpu = 00:00:40 ; elapsed = 00:00:43 . Memory (MB): peak = 1544.273 ; gain = 657.398
---------------------------------------------------------------------------------
---------------------------------------------------------------------------------
Start Writing Synthesis Report
---------------------------------------------------------------------------------

Report BlackBoxes: 
+-+--------------+----------+
| |BlackBox name |Instances |
+-+--------------+----------+
+-+--------------+----------+

Report Cell Usage: 
+------+-----+------+
|      |Cell |Count |
+------+-----+------+
|1     |BUFG |     1|
|2     |LUT1 |     2|
|3     |LUT2 |     6|
|4     |LUT3 |     1|
|5     |LUT4 |     2|
|6     |LUT5 |     1|
|7     |FDRE |    11|
|8     |IBUF |     1|
|9     |OBUF |    12|
+------+-----+------+
---------------------------------------------------------------------------------
Finished Writing Synthesis Report : Time (s): cpu = 00:00:40 ; elapsed = 00:00:43 . Memory (MB): peak = 1544.273 ; gain = 657.398
---------------------------------------------------------------------------------
Synthesis finished with 0 errors, 1 critical warnings and 13 warnings.
Synthesis Optimization Runtime : Time (s): cpu = 00:00:26 ; elapsed = 00:00:39 . Memory (MB): peak = 1544.273 ; gain = 546.758
Synthesis Optimization Complete : Time (s): cpu = 00:00:40 ; elapsed = 00:00:43 . Memory (MB): peak = 1544.273 ; gain = 657.398
INFO: [Project 1-571] Translating synthesized netlist
Netlist sorting complete. Time (s): cpu = 00:00:00 ; elapsed = 00:00:00 . Memory (MB): peak = 1544.273 ; gain = 0.000
INFO: [Project 1-570] Preparing netlist for logic optimization
INFO: [Opt 31-138] Pushed 0 inverter(s) to 0 load pin(s).
Netlist sorting complete. Time (s): cpu = 00:00:00 ; elapsed = 00:00:00 . Memory (MB): peak = 1544.273 ; gain = 0.000
INFO: [Project 1-111] Unisim Transformation Summary:
No Unisim elements were transformed.

The system cannot find the path specified.
Synth Design complete | Checksum: a2363084
INFO: [Common 17-83] Releasing license: Synthesis
27 Infos, 15 Warnings, 1 Critical Warnings and 0 Errors encountered.
synth_design completed successfully
synth_design: Time (s): cpu = 00:00:46 ; elapsed = 00:00:50 . Memory (MB): peak = 1544.273 ; gain = 1066.750
INFO: [runtcl-6] Synthesis results are not added to the cache due to CRITICAL_WARNING
Write ShapeDB Complete: Time (s): cpu = 00:00:00 ; elapsed = 00:00:00.001 . Memory (MB): peak = 1544.273 ; gain = 0.000
INFO: [Common 17-1381] The checkpoint 'C:/Users/lukgla/Desktop/Vivado/Lab3_LED/Lab3_LED.runs/synth_1/top.dcp' has been generated.
INFO: [runtcl-4] Executing : report_utilization -file top_utilization_synth.rpt -pb top_utilization_synth.pb
INFO: [Common 17-206] Exiting Vivado at Thu Feb 29 00:43:54 2024...
