
*** Running vivado
    with args -log rs232_reciver.vds -m64 -product Vivado -mode batch -messageDb vivado.pb -notrace -source rs232_reciver.tcl


ECHO is off.
ECHO is off.

****** Vivado v2023.2 (64-bit)
  **** SW Build 4029153 on Fri Oct 13 20:14:34 MDT 2023
  **** IP Build 4028589 on Sat Oct 14 00:45:43 MDT 2023
  **** SharedData Build 4025554 on Tue Oct 10 17:18:54 MDT 2023
    ** Copyright 1986-2022 Xilinx, Inc. All Rights Reserved.
    ** Copyright 2022-2023 Advanced Micro Devices, Inc. All Rights Reserved.

source rs232_reciver.tcl -notrace
create_project: Time (s): cpu = 00:00:08 ; elapsed = 00:00:08 . Memory (MB): peak = 473.699 ; gain = 177.289
Command: synth_design -top rs232_reciver -part xc7a100tcsg324-1
Starting synth_design
Attempting to get a license for feature 'Synthesis' and/or device 'xc7a100t'
INFO: [Common 17-349] Got license for feature 'Synthesis' and/or device 'xc7a100t'
INFO: [Device 21-403] Loading part xc7a100tcsg324-1
INFO: [Synth 8-7079] Multithreading enabled for synth_design using a maximum of 2 processes.
INFO: [Synth 8-7078] Launching helper process for spawning children vivado processes
INFO: [Synth 8-7075] Helper process launched with PID 15280
---------------------------------------------------------------------------------
Starting RTL Elaboration : Time (s): cpu = 00:00:07 ; elapsed = 00:00:09 . Memory (MB): peak = 1324.906 ; gain = 441.129
---------------------------------------------------------------------------------
INFO: [Synth 8-638] synthesizing module 'rs232_reciver' [C:/Users/lukgla/Desktop/Vivado/Lab4_RS232_reciver/Lab4_RS232_reciver.srcs/sources_1/new/rs232_reciver.vhd:45]
	Parameter one_cycles bound to: 325 - type: integer 
	Parameter zero_cycles bound to: 325 - type: integer 
INFO: [Synth 8-3491] module 'clockDivider' declared at 'C:/Users/lukgla/Desktop/Vivado/Lab4_RS232_reciver/Lab4_RS232_reciver.srcs/sources_1/imports/Downloads/clockDivider.vhd:35' bound to instance 'baudrate_comp' of component 'clockDivider' [C:/Users/lukgla/Desktop/Vivado/Lab4_RS232_reciver/Lab4_RS232_reciver.srcs/sources_1/new/rs232_reciver.vhd:102]
INFO: [Synth 8-638] synthesizing module 'clockDivider' [C:/Users/lukgla/Desktop/Vivado/Lab4_RS232_reciver/Lab4_RS232_reciver.srcs/sources_1/imports/Downloads/clockDivider.vhd:42]
	Parameter one_cycles bound to: 325 - type: integer 
	Parameter zero_cycles bound to: 325 - type: integer 
	Parameter initial_state bound to: 1'b0 
INFO: [Synth 8-256] done synthesizing module 'clockDivider' (0#1) [C:/Users/lukgla/Desktop/Vivado/Lab4_RS232_reciver/Lab4_RS232_reciver.srcs/sources_1/imports/Downloads/clockDivider.vhd:42]
INFO: [Synth 8-3491] module 'display' declared at 'C:/Users/lukgla/Desktop/Vivado/Lab4_RS232_reciver/Lab4_RS232_reciver.srcs/sources_1/imports/Downloads/display.vhd:35' bound to instance 'display_comp' of component 'display' [C:/Users/lukgla/Desktop/Vivado/Lab4_RS232_reciver/Lab4_RS232_reciver.srcs/sources_1/new/rs232_reciver.vhd:108]
INFO: [Synth 8-638] synthesizing module 'display' [C:/Users/lukgla/Desktop/Vivado/Lab4_RS232_reciver/Lab4_RS232_reciver.srcs/sources_1/imports/Downloads/display.vhd:43]
INFO: [Synth 8-3491] module 'clockDivider' declared at 'C:/Users/lukgla/Desktop/Vivado/Lab4_RS232_reciver/Lab4_RS232_reciver.srcs/sources_1/imports/Downloads/clockDivider.vhd:35' bound to instance 'clock_divider' of component 'clockDivider' [C:/Users/lukgla/Desktop/Vivado/Lab4_RS232_reciver/Lab4_RS232_reciver.srcs/sources_1/imports/Downloads/display.vhd:78]
INFO: [Synth 8-638] synthesizing module 'clockDivider__parameterized1' [C:/Users/lukgla/Desktop/Vivado/Lab4_RS232_reciver/Lab4_RS232_reciver.srcs/sources_1/imports/Downloads/clockDivider.vhd:42]
	Parameter one_cycles bound to: 100000 - type: integer 
	Parameter zero_cycles bound to: 100000 - type: integer 
	Parameter initial_state bound to: 1'b0 
INFO: [Synth 8-256] done synthesizing module 'clockDivider__parameterized1' (0#1) [C:/Users/lukgla/Desktop/Vivado/Lab4_RS232_reciver/Lab4_RS232_reciver.srcs/sources_1/imports/Downloads/clockDivider.vhd:42]
INFO: [Synth 8-256] done synthesizing module 'display' (0#1) [C:/Users/lukgla/Desktop/Vivado/Lab4_RS232_reciver/Lab4_RS232_reciver.srcs/sources_1/imports/Downloads/display.vhd:43]
INFO: [Synth 8-256] done synthesizing module 'rs232_reciver' (0#1) [C:/Users/lukgla/Desktop/Vivado/Lab4_RS232_reciver/Lab4_RS232_reciver.srcs/sources_1/new/rs232_reciver.vhd:45]
---------------------------------------------------------------------------------
Finished RTL Elaboration : Time (s): cpu = 00:00:10 ; elapsed = 00:00:13 . Memory (MB): peak = 1433.000 ; gain = 549.223
---------------------------------------------------------------------------------
---------------------------------------------------------------------------------
Start Handling Custom Attributes
---------------------------------------------------------------------------------
---------------------------------------------------------------------------------
Finished Handling Custom Attributes : Time (s): cpu = 00:00:10 ; elapsed = 00:00:13 . Memory (MB): peak = 1433.000 ; gain = 549.223
---------------------------------------------------------------------------------
---------------------------------------------------------------------------------
Finished RTL Optimization Phase 1 : Time (s): cpu = 00:00:10 ; elapsed = 00:00:13 . Memory (MB): peak = 1433.000 ; gain = 549.223
---------------------------------------------------------------------------------
Netlist sorting complete. Time (s): cpu = 00:00:00 ; elapsed = 00:00:00.011 . Memory (MB): peak = 1433.000 ; gain = 0.000
INFO: [Project 1-570] Preparing netlist for logic optimization

Processing XDC Constraints
Initializing timing engine
Parsing XDC File [C:/Users/lukgla/Desktop/Vivado/Lab4_RS232_reciver/Lab4_RS232_reciver.srcs/constrs_1/new/isp4.xdc]
Finished Parsing XDC File [C:/Users/lukgla/Desktop/Vivado/Lab4_RS232_reciver/Lab4_RS232_reciver.srcs/constrs_1/new/isp4.xdc]
INFO: [Project 1-236] Implementation specific constraints were found while reading constraint file [C:/Users/lukgla/Desktop/Vivado/Lab4_RS232_reciver/Lab4_RS232_reciver.srcs/constrs_1/new/isp4.xdc]. These constraints will be ignored for synthesis but will be used in implementation. Impacted constraints are listed in the file [.Xil/rs232_reciver_propImpl.xdc].
Resolution: To avoid this warning, move constraints listed in [.Xil/rs232_reciver_propImpl.xdc] to another XDC file and exclude this new file from synthesis with the used_in_synthesis property (File Properties dialog in GUI) and re-run elaboration/synthesis.
Completed Processing XDC Constraints

Netlist sorting complete. Time (s): cpu = 00:00:00 ; elapsed = 00:00:00 . Memory (MB): peak = 1542.141 ; gain = 0.000
INFO: [Project 1-111] Unisim Transformation Summary:
No Unisim elements were transformed.

The system cannot find the path specified.
Constraint Validation Runtime : Time (s): cpu = 00:00:00 ; elapsed = 00:00:00.011 . Memory (MB): peak = 1542.141 ; gain = 0.000
---------------------------------------------------------------------------------
Finished Constraint Validation : Time (s): cpu = 00:00:21 ; elapsed = 00:00:26 . Memory (MB): peak = 1542.141 ; gain = 658.363
---------------------------------------------------------------------------------
---------------------------------------------------------------------------------
Start Loading Part and Timing Information
---------------------------------------------------------------------------------
Loading part: xc7a100tcsg324-1
---------------------------------------------------------------------------------
Finished Loading Part and Timing Information : Time (s): cpu = 00:00:21 ; elapsed = 00:00:26 . Memory (MB): peak = 1542.141 ; gain = 658.363
---------------------------------------------------------------------------------
---------------------------------------------------------------------------------
Start Applying 'set_property' XDC Constraints
---------------------------------------------------------------------------------
---------------------------------------------------------------------------------
Finished applying 'set_property' XDC Constraints : Time (s): cpu = 00:00:21 ; elapsed = 00:00:26 . Memory (MB): peak = 1542.141 ; gain = 658.363
---------------------------------------------------------------------------------
INFO: [Synth 8-802] inferred FSM for state register 'state_reg' in module 'rs232_reciver'
---------------------------------------------------------------------------------------------------
                   State |                     New Encoding |                Previous Encoding 
---------------------------------------------------------------------------------------------------
                  listen |                              000 |                              000
                   start |                              001 |                              001
                  recive |                              010 |                              010
                    stop |                              011 |                              011
                   error |                              100 |                              100
---------------------------------------------------------------------------------------------------
INFO: [Synth 8-3354] encoded FSM with state register 'state_reg' using encoding 'sequential' in module 'rs232_reciver'
---------------------------------------------------------------------------------
Finished RTL Optimization Phase 2 : Time (s): cpu = 00:00:22 ; elapsed = 00:00:26 . Memory (MB): peak = 1542.141 ; gain = 658.363
---------------------------------------------------------------------------------
---------------------------------------------------------------------------------
Start RTL Component Statistics 
---------------------------------------------------------------------------------
Detailed RTL Component Info : 
+---Adders : 
	   2 Input   31 Bit       Adders := 2     
	   2 Input    4 Bit       Adders := 1     
	   2 Input    3 Bit       Adders := 1     
	   2 Input    2 Bit       Adders := 1     
+---Registers : 
	               32 Bit    Registers := 1     
	               31 Bit    Registers := 2     
	                8 Bit    Registers := 2     
	                4 Bit    Registers := 2     
	                3 Bit    Registers := 1     
	                2 Bit    Registers := 1     
	                1 Bit    Registers := 2     
+---Muxes : 
	   3 Input   32 Bit        Muxes := 1     
	   5 Input   32 Bit        Muxes := 1     
	   2 Input   31 Bit        Muxes := 2     
	   2 Input    8 Bit        Muxes := 1     
	   5 Input    8 Bit        Muxes := 1     
	   4 Input    4 Bit        Muxes := 1     
	   2 Input    4 Bit        Muxes := 1     
	   5 Input    4 Bit        Muxes := 1     
	   5 Input    3 Bit        Muxes := 2     
	   2 Input    3 Bit        Muxes := 1     
	   2 Input    1 Bit        Muxes := 2     
	   3 Input    1 Bit        Muxes := 1     
	   5 Input    1 Bit        Muxes := 2     
---------------------------------------------------------------------------------
Finished RTL Component Statistics 
---------------------------------------------------------------------------------
---------------------------------------------------------------------------------
Start Part Resource Summary
---------------------------------------------------------------------------------
Part Resources:
DSPs: 240 (col length:80)
BRAMs: 270 (col length: RAMB18 80 RAMB36 40)
---------------------------------------------------------------------------------
Finished Part Resource Summary
---------------------------------------------------------------------------------
---------------------------------------------------------------------------------
Start Cross Boundary and Area Optimization
---------------------------------------------------------------------------------
WARNING: [Synth 8-7080] Parallel synthesis criteria is not met
---------------------------------------------------------------------------------
Finished Cross Boundary and Area Optimization : Time (s): cpu = 00:00:25 ; elapsed = 00:00:29 . Memory (MB): peak = 1542.141 ; gain = 658.363
---------------------------------------------------------------------------------
---------------------------------------------------------------------------------
Start Applying XDC Timing Constraints
---------------------------------------------------------------------------------
---------------------------------------------------------------------------------
Finished Applying XDC Timing Constraints : Time (s): cpu = 00:00:32 ; elapsed = 00:00:37 . Memory (MB): peak = 1542.141 ; gain = 658.363
---------------------------------------------------------------------------------
---------------------------------------------------------------------------------
Start Timing Optimization
---------------------------------------------------------------------------------
---------------------------------------------------------------------------------
Finished Timing Optimization : Time (s): cpu = 00:00:32 ; elapsed = 00:00:37 . Memory (MB): peak = 1542.141 ; gain = 658.363
---------------------------------------------------------------------------------
---------------------------------------------------------------------------------
Start Technology Mapping
---------------------------------------------------------------------------------
---------------------------------------------------------------------------------
Finished Technology Mapping : Time (s): cpu = 00:00:32 ; elapsed = 00:00:37 . Memory (MB): peak = 1542.141 ; gain = 658.363
---------------------------------------------------------------------------------
---------------------------------------------------------------------------------
Start IO Insertion
---------------------------------------------------------------------------------
---------------------------------------------------------------------------------
Start Flattening Before IO Insertion
---------------------------------------------------------------------------------
---------------------------------------------------------------------------------
Finished Flattening Before IO Insertion
---------------------------------------------------------------------------------
---------------------------------------------------------------------------------
Start Final Netlist Cleanup
---------------------------------------------------------------------------------
---------------------------------------------------------------------------------
Finished Final Netlist Cleanup
---------------------------------------------------------------------------------
---------------------------------------------------------------------------------
Finished IO Insertion : Time (s): cpu = 00:00:39 ; elapsed = 00:00:44 . Memory (MB): peak = 1542.141 ; gain = 658.363
---------------------------------------------------------------------------------
---------------------------------------------------------------------------------
Start Renaming Generated Instances
---------------------------------------------------------------------------------
---------------------------------------------------------------------------------
Finished Renaming Generated Instances : Time (s): cpu = 00:00:39 ; elapsed = 00:00:44 . Memory (MB): peak = 1542.141 ; gain = 658.363
---------------------------------------------------------------------------------
---------------------------------------------------------------------------------
Start Rebuilding User Hierarchy
---------------------------------------------------------------------------------
---------------------------------------------------------------------------------
Finished Rebuilding User Hierarchy : Time (s): cpu = 00:00:39 ; elapsed = 00:00:44 . Memory (MB): peak = 1542.141 ; gain = 658.363
---------------------------------------------------------------------------------
---------------------------------------------------------------------------------
Start Renaming Generated Ports
---------------------------------------------------------------------------------
---------------------------------------------------------------------------------
Finished Renaming Generated Ports : Time (s): cpu = 00:00:39 ; elapsed = 00:00:44 . Memory (MB): peak = 1542.141 ; gain = 658.363
---------------------------------------------------------------------------------
---------------------------------------------------------------------------------
Start Handling Custom Attributes
---------------------------------------------------------------------------------
---------------------------------------------------------------------------------
Finished Handling Custom Attributes : Time (s): cpu = 00:00:39 ; elapsed = 00:00:44 . Memory (MB): peak = 1542.141 ; gain = 658.363
---------------------------------------------------------------------------------
---------------------------------------------------------------------------------
Start Renaming Generated Nets
---------------------------------------------------------------------------------
---------------------------------------------------------------------------------
Finished Renaming Generated Nets : Time (s): cpu = 00:00:39 ; elapsed = 00:00:44 . Memory (MB): peak = 1542.141 ; gain = 658.363
---------------------------------------------------------------------------------
---------------------------------------------------------------------------------
Start Writing Synthesis Report
---------------------------------------------------------------------------------

Report BlackBoxes: 
+-+--------------+----------+
| |BlackBox name |Instances |
+-+--------------+----------+
+-+--------------+----------+

Report Cell Usage: 
+------+-------+------+
|      |Cell   |Count |
+------+-------+------+
|1     |BUFG   |     2|
|2     |CARRY4 |     8|
|3     |LUT1   |     2|
|4     |LUT2   |     7|
|5     |LUT3   |     4|
|6     |LUT4   |    26|
|7     |LUT5   |     7|
|8     |LUT6   |    38|
|9     |FDCE   |    42|
|10    |FDRE   |    32|
|11    |IBUF   |     3|
|12    |OBUF   |    12|
+------+-------+------+
---------------------------------------------------------------------------------
Finished Writing Synthesis Report : Time (s): cpu = 00:00:39 ; elapsed = 00:00:44 . Memory (MB): peak = 1542.141 ; gain = 658.363
---------------------------------------------------------------------------------
Synthesis finished with 0 errors, 0 critical warnings and 1 warnings.
Synthesis Optimization Runtime : Time (s): cpu = 00:00:26 ; elapsed = 00:00:40 . Memory (MB): peak = 1542.141 ; gain = 549.223
Synthesis Optimization Complete : Time (s): cpu = 00:00:39 ; elapsed = 00:00:44 . Memory (MB): peak = 1542.141 ; gain = 658.363
INFO: [Project 1-571] Translating synthesized netlist
Netlist sorting complete. Time (s): cpu = 00:00:00 ; elapsed = 00:00:00.002 . Memory (MB): peak = 1542.141 ; gain = 0.000
INFO: [Netlist 29-17] Analyzing 8 Unisim elements for replacement
INFO: [Netlist 29-28] Unisim Transformation completed in 0 CPU seconds
INFO: [Project 1-570] Preparing netlist for logic optimization
INFO: [Opt 31-138] Pushed 0 inverter(s) to 0 load pin(s).
Netlist sorting complete. Time (s): cpu = 00:00:00 ; elapsed = 00:00:00 . Memory (MB): peak = 1542.141 ; gain = 0.000
INFO: [Project 1-111] Unisim Transformation Summary:
No Unisim elements were transformed.

The system cannot find the path specified.
Synth Design complete | Checksum: 105a29f7
INFO: [Common 17-83] Releasing license: Synthesis
28 Infos, 1 Warnings, 0 Critical Warnings and 0 Errors encountered.
synth_design completed successfully
synth_design: Time (s): cpu = 00:00:44 ; elapsed = 00:01:00 . Memory (MB): peak = 1542.141 ; gain = 1068.441
Write ShapeDB Complete: Time (s): cpu = 00:00:00 ; elapsed = 00:00:00.001 . Memory (MB): peak = 1542.141 ; gain = 0.000
INFO: [Common 17-1381] The checkpoint 'C:/Users/lukgla/Desktop/Vivado/Lab4_RS232_reciver/Lab4_RS232_reciver.runs/synth_1/rs232_reciver.dcp' has been generated.
INFO: [runtcl-4] Executing : report_utilization -file rs232_reciver_utilization_synth.rpt -pb rs232_reciver_utilization_synth.pb
INFO: [Common 17-206] Exiting Vivado at Mon Mar 18 23:38:41 2024...
